c:\users\nikla\onedrive\lathe_ecosystem\cam\intuicam\build\gui\intuicamgui.dir\debug\vc143.pdb
c:\users\nikla\onedrive\lathe_ecosystem\cam\intuicam\build\gui\intuicamgui.dir\debug\partloadingpanel.obj
c:\users\nikla\onedrive\lathe_ecosystem\cam\intuicam\build\gui\intuicamgui.dir\debug\workspacecontroller.obj
c:\users\nikla\onedrive\lathe_ecosystem\cam\intuicam\build\gui\intuicamgui.dir\debug\rawmaterialmanager.obj
c:\users\nikla\onedrive\lathe_ecosystem\cam\intuicam\build\gui\intuicamgui.dir\debug\workpiecemanager.obj
c:\users\nikla\onedrive\lathe_ecosystem\cam\intuicam\build\gui\intuicamgui.dir\debug\chuckmanager.obj
c:\users\nikla\onedrive\lathe_ecosystem\cam\intuicam\build\gui\intuicamgui.dir\debug\steploader.obj
c:\users\nikla\onedrive\lathe_ecosystem\cam\intuicam\build\gui\intuicamgui.dir\debug\opengl3dwidget.obj
c:\users\nikla\onedrive\lathe_ecosystem\cam\intuicam\build\gui\intuicamgui.dir\debug\mainwindow.obj
c:\users\nikla\onedrive\lathe_ecosystem\cam\intuicam\build\gui\intuicamgui.dir\debug\main.obj
c:\users\nikla\onedrive\lathe_ecosystem\cam\intuicam\build\gui\intuicamgui.dir\debug\mocs_compilation_debug.obj
c:\users\nikla\onedrive\lathe_ecosystem\cam\intuicam\build\gui\intuicamgui.dir\debug\intuicamgui_autogen\3yjk5w5up7_debug\qrc_resources.cpp.obj
c:\users\nikla\onedrive\lathe_ecosystem\cam\intuicam\build\gui\intuicamgui_autogen\autouic_debug.stamp
c:\users\nikla\onedrive\lathe_ecosystem\cam\intuicam\build\gui\intuicamgui_autogen\3yjk5w5up7_debug\qrc_resources.cpp
c:\users\nikla\onedrive\lathe_ecosystem\cam\intuicam\build\gui\cmakefiles\generate.stamp
c:\users\nikla\onedrive\lathe_ecosystem\cam\intuicam\build\gui\debug\intuicamgui.lib
c:\users\nikla\onedrive\lathe_ecosystem\cam\intuicam\build\gui\debug\intuicamgui.exp
c:\users\nikla\onedrive\lathe_ecosystem\cam\intuicam\build\gui\intuicamgui.dir\debug\intuicamgui.ilk
c:\users\nikla\onedrive\lathe_ecosystem\cam\intuicam\build\debug\intuicamgui.pdb
c:\users\nikla\onedrive\lathe_ecosystem\cam\intuicam\build\debug\intuicamgui.exe
c:\users\nikla\onedrive\lathe_ecosystem\cam\intuicam\build\gui\intuicamgui.dir\debug\intuicamgui.tlog\cl.command.1.tlog
c:\users\nikla\onedrive\lathe_ecosystem\cam\intuicam\build\gui\intuicamgui.dir\debug\intuicamgui.tlog\cl.items.tlog
c:\users\nikla\onedrive\lathe_ecosystem\cam\intuicam\build\gui\intuicamgui.dir\debug\intuicamgui.tlog\cl.read.1.tlog
c:\users\nikla\onedrive\lathe_ecosystem\cam\intuicam\build\gui\intuicamgui.dir\debug\intuicamgui.tlog\cl.write.1.tlog
c:\users\nikla\onedrive\lathe_ecosystem\cam\intuicam\build\gui\intuicamgui.dir\debug\intuicamgui.tlog\custombuild.command.1.tlog
c:\users\nikla\onedrive\lathe_ecosystem\cam\intuicam\build\gui\intuicamgui.dir\debug\intuicamgui.tlog\custombuild.read.1.tlog
c:\users\nikla\onedrive\lathe_ecosystem\cam\intuicam\build\gui\intuicamgui.dir\debug\intuicamgui.tlog\custombuild.write.1.tlog
c:\users\nikla\onedrive\lathe_ecosystem\cam\intuicam\build\gui\intuicamgui.dir\debug\intuicamgui.tlog\link.command.1.tlog
c:\users\nikla\onedrive\lathe_ecosystem\cam\intuicam\build\gui\intuicamgui.dir\debug\intuicamgui.tlog\link.read.1.tlog
c:\users\nikla\onedrive\lathe_ecosystem\cam\intuicam\build\gui\intuicamgui.dir\debug\intuicamgui.tlog\link.secondary.1.tlog
c:\users\nikla\onedrive\lathe_ecosystem\cam\intuicam\build\gui\intuicamgui.dir\debug\intuicamgui.tlog\link.write.1.tlog
