c:\users\nikla\onedrive\lathe_ecosystem\cam\intuicam\build\cmakefiles\generate.stamp
c:\users\nikla\onedrive\lathe_ecosystem\cam\intuicam\build\core\cmakefiles\generate.stamp
c:\users\nikla\onedrive\lathe_ecosystem\cam\intuicam\build\core\common\cmakefiles\generate.stamp
c:\users\nikla\onedrive\lathe_ecosystem\cam\intuicam\build\core\geometry\cmakefiles\generate.stamp
c:\users\nikla\onedrive\lathe_ecosystem\cam\intuicam\build\core\toolpath\cmakefiles\generate.stamp
c:\users\nikla\onedrive\lathe_ecosystem\cam\intuicam\build\core\postprocessor\cmakefiles\generate.stamp
c:\users\nikla\onedrive\lathe_ecosystem\cam\intuicam\build\core\simulation\cmakefiles\generate.stamp
c:\users\nikla\onedrive\lathe_ecosystem\cam\intuicam\build\gui\cmakefiles\generate.stamp
c:\users\nikla\onedrive\lathe_ecosystem\cam\intuicam\build\cli\cmakefiles\generate.stamp
c:\users\nikla\onedrive\lathe_ecosystem\cam\intuicam\build\plugins\cmakefiles\generate.stamp
c:\users\nikla\onedrive\lathe_ecosystem\cam\intuicam\build\plugins\postprocessors\cmakefiles\generate.stamp
c:\users\nikla\onedrive\lathe_ecosystem\cam\intuicam\build\plugins\postprocessors\lathe\cmakefiles\generate.stamp
c:\users\nikla\onedrive\lathe_ecosystem\cam\intuicam\build\plugins\postprocessors\mill\cmakefiles\generate.stamp
c:\users\nikla\onedrive\lathe_ecosystem\cam\intuicam\build\plugins\postprocessors\swiss\cmakefiles\generate.stamp
c:\users\nikla\onedrive\lathe_ecosystem\cam\intuicam\build\plugins\operations\cmakefiles\generate.stamp
c:\users\nikla\onedrive\lathe_ecosystem\cam\intuicam\build\plugins\operations\turning\cmakefiles\generate.stamp
c:\users\nikla\onedrive\lathe_ecosystem\cam\intuicam\build\plugins\operations\milling\cmakefiles\generate.stamp
c:\users\nikla\onedrive\lathe_ecosystem\cam\intuicam\build\plugins\operations\drilling\cmakefiles\generate.stamp
c:\users\nikla\onedrive\lathe_ecosystem\cam\intuicam\build\plugins\operations\threading\cmakefiles\generate.stamp
c:\users\nikla\onedrive\lathe_ecosystem\cam\intuicam\build\examples\cmakefiles\generate.stamp
c:\users\nikla\onedrive\lathe_ecosystem\cam\intuicam\build\examples\basic_usage\cmakefiles\generate.stamp
c:\users\nikla\onedrive\lathe_ecosystem\cam\intuicam\build\examples\python_scripting\cmakefiles\generate.stamp
c:\users\nikla\onedrive\lathe_ecosystem\cam\intuicam\build\examples\freecad_integration\cmakefiles\generate.stamp
c:\users\nikla\onedrive\lathe_ecosystem\cam\intuicam\build\examples\custom_postprocessor\cmakefiles\generate.stamp
c:\users\nikla\onedrive\lathe_ecosystem\cam\intuicam\build\examples\simulation_demo\cmakefiles\generate.stamp
c:\users\nikla\onedrive\lathe_ecosystem\cam\intuicam\build\tests\cmakefiles\generate.stamp
c:\users\nikla\onedrive\lathe_ecosystem\cam\intuicam\build\x64\debug\zero_check\zero_check.tlog\custombuild.command.1.tlog
c:\users\nikla\onedrive\lathe_ecosystem\cam\intuicam\build\x64\debug\zero_check\zero_check.tlog\custombuild.read.1.tlog
c:\users\nikla\onedrive\lathe_ecosystem\cam\intuicam\build\x64\debug\zero_check\zero_check.tlog\custombuild.write.1.tlog
